<?xml version="1.0" encoding="UTF-8"?>
<!-- Generated by org.testng.reporters.JUnitReportReporter -->
<testsuite hostname="IBM-PF3183HA" failures="0" tests="1" name="TestNG.SampleTest" time="5.344" errors="0" timestamp="2023-10-17T21:53:42 IST" skipped="0">
  <testcase classname="TestNG.SampleTest" name="f" time="5.344"/>
  <system-out/>
</testsuite> <!-- TestNG.SampleTest -->
